<?xml version="1.0" encoding="UTF-8"?>
<!-- Generated by org.testng.reporters.JUnitXMLReporter -->
<testsuite hostname="LAPTOP-CJ23D15G" name="Default test" tests="3" failures="0" timestamp="31 May 2022 05:39:00 GMT" time="3.174" errors="0">
  <testcase name="dataproviderexample1" time="2.308" classname="IBM_LP.B31batch.day1"/>
  <testcase name="dataproviderexample1" time="0.043" classname="IBM_LP.B31batch.day1"/>
  <testcase name="dataproviderexample1" time="0.044" classname="IBM_LP.B31batch.day1"/>
</testsuite> <!-- Default test -->
