<?xml version="1.0" encoding="UTF-8"?>
<testng-results skipped="0" failed="0" total="1" passed="1">
  <reporter-output>
  </reporter-output>
  <suite name="Default suite" duration-ms="2548" started-at="2022-05-26T05:59:26Z" finished-at="2022-05-26T05:59:29Z">
    <groups>
    </groups>
    <test name="Default test" duration-ms="2548" started-at="2022-05-26T05:59:26Z" finished-at="2022-05-26T05:59:29Z">
      <class name="IBM_LP.B31batch.day1">
        <test-method status="PASS" signature="testcase2()[pri:0, instance:IBM_LP.B31batch.day1@3834d63f]" name="testcase2" duration-ms="2529" started-at="2022-05-26T11:29:26Z" finished-at="2022-05-26T11:29:29Z">
          <reporter-output>
          </reporter-output>
        </test-method> <!-- testcase2 -->
      </class> <!-- IBM_LP.B31batch.day1 -->
    </test> <!-- Default test -->
  </suite> <!-- Default suite -->
</testng-results>
